<?xml version="1.0" encoding="UTF-8"?>
<!-- Generated by org.testng.reporters.JUnitReportReporter -->
<testsuite skipped="0" hostname="kt667348-dev1" name="com.freecrm.accountcreation.testcases.ActionsClassTest" tests="1" failures="0" timestamp="07 Nov 2019 16:34:14 GMT" time="6.747" errors="0">
  <testcase name="mouseHover" time="6.747" classname="com.freecrm.accountcreation.testcases.ActionsClassTest"/>
</testsuite> <!-- com.freecrm.accountcreation.testcases.ActionsClassTest -->
