<?xml version="1.0" encoding="UTF-8"?>
<!-- Generated by org.testng.reporters.JUnitReportReporter -->
<testsuite skipped="0" hostname="tekko01-devMachine" name="com.freecrm.accountcreation.testcases.RegisterNewUserTests" tests="1" failures="0" timestamp="2019-09-10T06:13:34 EDT" time="15.146" errors="0">
  <testcase name="createUser" time="15.146" classname="com.freecrm.accountcreation.testcases.RegisterNewUserTests"/>
</testsuite> <!-- com.freecrm.accountcreation.testcases.RegisterNewUserTests -->
