<?xml version="1.0" encoding="UTF-8"?>
<!-- Generated by org.testng.reporters.JUnitReportReporter -->
<testsuite skipped="0" hostname="DESKTOP-E0KCLD7" name="com.freecrm.utils.StringClass" tests="1" failures="0" timestamp="07 Sep 2019 14:42:04 GMT" time="19.267" errors="0">
  <testcase name="stringMethods" time="19.267" classname="com.freecrm.utils.StringClass"/>
</testsuite> <!-- com.freecrm.utils.StringClass -->
